[00:00:38] [Server thread/INFO]: CONSOLE issued server command: /list 
[00:00:38] [Server thread/INFO]: There are 1 out of maximum 2,022 players online.
[00:00:38] [Server thread/INFO]: default: [Member] robert_beckley
[00:03:38] [Server thread/INFO]: CONSOLE issued server command: /list 
[00:03:38] [Server thread/INFO]: There are 1 out of maximum 2,022 players online.
[00:03:38] [Server thread/INFO]: default: [Member] robert_beckley
[00:06:39] [Server thread/INFO]: CONSOLE issued server command: /list 
[00:06:39] [Server thread/INFO]: There are 1 out of maximum 2,022 players online.
[00:06:39] [Server thread/INFO]: default: [Member] robert_beckley
[00:09:40] [Server thread/INFO]: CONSOLE issued server command: /list 
[00:09:40] [Server thread/INFO]: There are 1 out of maximum 2,022 players online.
[00:09:40] [Server thread/INFO]: default: [Member] robert_beckley
[00:12:40] [Server thread/INFO]: CONSOLE issued server command: /list 
[00:12:40] [Server thread/INFO]: There are 1 out of maximum 2,022 players online.
[00:12:40] [Server thread/INFO]: default: [Member] robert_beckley
[00:15:41] [Server thread/INFO]: CONSOLE issued server command: /list 
[00:15:41] [Server thread/INFO]: There are 1 out of maximum 2,022 players online.
[00:15:41] [Server thread/INFO]: default: [Member] robert_beckley
[00:18:41] [Server thread/INFO]: robert_beckley left the game
[00:18:42] [Server thread/INFO]: CONSOLE issued server command: /list 
[00:18:42] [Server thread/INFO]: There are 0 out of maximum 2,022 players online.
[00:21:43] [Server thread/INFO]: CONSOLE issued server command: /list 
[00:21:43] [Server thread/INFO]: There are 0 out of maximum 2,022 players online.
[00:24:44] [Server thread/INFO]: CONSOLE issued server command: /list 
[00:24:44] [Server thread/INFO]: There are 0 out of maximum 2,022 players online.
[00:27:44] [Server thread/INFO]: CONSOLE issued server command: /list 
[00:27:44] [Server thread/INFO]: There are 0 out of maximum 2,022 players online.
[00:30:45] [Server thread/INFO]: CONSOLE issued server command: /list 
[00:30:45] [Server thread/INFO]: There are 0 out of maximum 2,022 players online.
[00:33:46] [Server thread/INFO]: CONSOLE issued server command: /list 
[00:33:46] [Server thread/INFO]: There are 0 out of maximum 2,022 players online.
[00:36:46] [Server thread/INFO]: CONSOLE issued server command: /list 
[00:36:46] [Server thread/INFO]: There are 0 out of maximum 2,022 players online.
[00:39:47] [Server thread/INFO]: CONSOLE issued server command: /list 
[00:39:47] [Server thread/INFO]: There are 0 out of maximum 2,022 players online.
[00:42:48] [Server thread/INFO]: CONSOLE issued server command: /list 
[00:42:48] [Server thread/INFO]: There are 0 out of maximum 2,022 players online.
[00:45:48] [Server thread/INFO]: CONSOLE issued server command: /list 
[00:45:48] [Server thread/INFO]: There are 0 out of maximum 2,022 players online.
[00:48:49] [Server thread/INFO]: CONSOLE issued server command: /list 
[00:48:49] [Server thread/INFO]: There are 0 out of maximum 2,022 players online.
[00:51:50] [Server thread/INFO]: CONSOLE issued server command: /list 
[00:51:50] [Server thread/INFO]: There are 0 out of maximum 2,022 players online.
[00:54:50] [Server thread/INFO]: CONSOLE issued server command: /list 
[00:54:50] [Server thread/INFO]: There are 0 out of maximum 2,022 players online.
[00:57:51] [Server thread/INFO]: CONSOLE issued server command: /list 
[00:57:51] [Server thread/INFO]: There are 0 out of maximum 2,022 players online.
[01:00:52] [Server thread/INFO]: CONSOLE issued server command: /list 
[01:00:52] [Server thread/INFO]: There are 0 out of maximum 2,022 players online.
[01:03:52] [Server thread/INFO]: CONSOLE issued server command: /list 
[01:03:52] [Server thread/INFO]: There are 0 out of maximum 2,022 players online.
[01:04:07] [Craft Scheduler Thread - 3476 - VoidGen/INFO]: [VoidGen] VoidGen v.2.2 is available here: https://www.spigotmc.org/resources/25391/
[01:06:53] [Server thread/INFO]: CONSOLE issued server command: /list 
[01:06:53] [Server thread/INFO]: There are 0 out of maximum 2,022 players online.
[01:09:54] [Server thread/INFO]: CONSOLE issued server command: /list 
[01:09:54] [Server thread/INFO]: There are 0 out of maximum 2,022 players online.
[01:12:54] [Server thread/INFO]: CONSOLE issued server command: /list 
[01:12:54] [Server thread/INFO]: There are 0 out of maximum 2,022 players online.
[01:15:55] [Server thread/INFO]: CONSOLE issued server command: /list 
[01:15:55] [Server thread/INFO]: There are 0 out of maximum 2,022 players online.
[01:18:56] [Server thread/INFO]: CONSOLE issued server command: /list 
[01:18:56] [Server thread/INFO]: There are 0 out of maximum 2,022 players online.
[01:21:56] [Server thread/INFO]: CONSOLE issued server command: /list 
[01:21:56] [Server thread/INFO]: There are 0 out of maximum 2,022 players online.
[01:24:57] [Server thread/INFO]: CONSOLE issued server command: /list 
[01:24:57] [Server thread/INFO]: There are 0 out of maximum 2,022 players online.
[01:27:58] [Server thread/INFO]: CONSOLE issued server command: /list 
[01:27:58] [Server thread/INFO]: There are 0 out of maximum 2,022 players online.
[01:30:58] [Server thread/INFO]: CONSOLE issued server command: /list 
[01:30:58] [Server thread/INFO]: There are 0 out of maximum 2,022 players online.
[01:33:59] [Server thread/INFO]: CONSOLE issued server command: /list 
[01:33:59] [Server thread/INFO]: There are 0 out of maximum 2,022 players online.
[01:37:00] [Server thread/INFO]: CONSOLE issued server command: /list 
[01:37:00] [Server thread/INFO]: There are 0 out of maximum 2,022 players online.
[01:40:00] [Server thread/INFO]: CONSOLE issued server command: /list 
[01:40:00] [Server thread/INFO]: There are 0 out of maximum 2,022 players online.
[01:43:01] [Server thread/INFO]: CONSOLE issued server command: /list 
[01:43:01] [Server thread/INFO]: There are 0 out of maximum 2,022 players online.
[01:46:02] [Server thread/INFO]: CONSOLE issued server command: /list 
[01:46:02] [Server thread/INFO]: There are 0 out of maximum 2,022 players online.
[01:49:02] [Server thread/INFO]: CONSOLE issued server command: /list 
[01:49:02] [Server thread/INFO]: There are 0 out of maximum 2,022 players online.
[01:52:03] [Server thread/INFO]: CONSOLE issued server command: /list 
[01:52:03] [Server thread/INFO]: There are 0 out of maximum 2,022 players online.
[01:55:04] [Server thread/INFO]: CONSOLE issued server command: /list 
[01:55:04] [Server thread/INFO]: There are 0 out of maximum 2,022 players online.
[01:58:04] [Server thread/INFO]: CONSOLE issued server command: /list 
[01:58:04] [Server thread/INFO]: There are 0 out of maximum 2,022 players online.
[02:01:05] [Server thread/INFO]: CONSOLE issued server command: /list 
[02:01:05] [Server thread/INFO]: There are 0 out of maximum 2,022 players online.
[02:04:06] [Server thread/INFO]: CONSOLE issued server command: /list 
[02:04:06] [Server thread/INFO]: There are 0 out of maximum 2,022 players online.
[02:07:06] [Server thread/INFO]: CONSOLE issued server command: /list 
[02:07:06] [Server thread/INFO]: There are 0 out of maximum 2,022 players online.
[02:10:07] [Server thread/INFO]: CONSOLE issued server command: /list 
[02:10:07] [Server thread/INFO]: There are 0 out of maximum 2,022 players online.
[02:13:08] [Server thread/INFO]: CONSOLE issued server command: /list 
[02:13:08] [Server thread/INFO]: There are 0 out of maximum 2,022 players online.
[02:16:08] [Server thread/INFO]: CONSOLE issued server command: /list 
[02:16:08] [Server thread/INFO]: There are 0 out of maximum 2,022 players online.
[02:19:09] [Server thread/INFO]: CONSOLE issued server command: /list 
[02:19:09] [Server thread/INFO]: There are 0 out of maximum 2,022 players online.
[02:22:10] [Server thread/INFO]: CONSOLE issued server command: /list 
[02:22:10] [Server thread/INFO]: There are 0 out of maximum 2,022 players online.
[02:25:10] [Server thread/INFO]: CONSOLE issued server command: /list 
[02:25:10] [Server thread/INFO]: There are 0 out of maximum 2,022 players online.
[02:28:11] [Server thread/INFO]: CONSOLE issued server command: /list 
[02:28:11] [Server thread/INFO]: There are 0 out of maximum 2,022 players online.
[02:31:12] [Server thread/INFO]: CONSOLE issued server command: /list 
[02:31:12] [Server thread/INFO]: There are 0 out of maximum 2,022 players online.
[02:34:12] [Server thread/INFO]: CONSOLE issued server command: /list 
[02:34:12] [Server thread/INFO]: There are 0 out of maximum 2,022 players online.
[02:37:13] [Server thread/INFO]: CONSOLE issued server command: /list 
[02:37:13] [Server thread/INFO]: There are 0 out of maximum 2,022 players online.
[02:40:14] [Server thread/INFO]: CONSOLE issued server command: /list 
[02:40:14] [Server thread/INFO]: There are 0 out of maximum 2,022 players online.
[02:43:14] [Server thread/INFO]: CONSOLE issued server command: /list 
[02:43:14] [Server thread/INFO]: There are 0 out of maximum 2,022 players online.
[02:46:15] [Server thread/INFO]: CONSOLE issued server command: /list 
[02:46:15] [Server thread/INFO]: There are 0 out of maximum 2,022 players online.
[02:49:16] [Server thread/INFO]: CONSOLE issued server command: /list 
[02:49:16] [Server thread/INFO]: There are 0 out of maximum 2,022 players online.
[02:52:16] [Server thread/INFO]: CONSOLE issued server command: /list 
[02:52:16] [Server thread/INFO]: There are 0 out of maximum 2,022 players online.
[02:55:17] [Server thread/INFO]: CONSOLE issued server command: /list 
[02:55:17] [Server thread/INFO]: There are 0 out of maximum 2,022 players online.
[02:58:18] [Server thread/INFO]: CONSOLE issued server command: /list 
[02:58:18] [Server thread/INFO]: There are 0 out of maximum 2,022 players online.
[03:01:18] [Server thread/INFO]: CONSOLE issued server command: /list 
[03:01:18] [Server thread/INFO]: There are 0 out of maximum 2,022 players online.
[03:01:37] [Craft Scheduler Thread - 4189 - Vault/INFO]: [Vault] Checking for Updates ... 
[03:01:37] [Craft Scheduler Thread - 4189 - Vault/INFO]: [Vault] No new version available
[03:02:00] [Server thread/INFO]: Automatic saving is now disabled
[03:02:01] [Server thread/INFO]: Automatic saving is now enabled
[03:04:19] [Server thread/INFO]: CONSOLE issued server command: /list 
[03:04:19] [Server thread/INFO]: There are 0 out of maximum 2,022 players online.
[03:07:20] [Server thread/INFO]: CONSOLE issued server command: /list 
[03:07:20] [Server thread/INFO]: There are 0 out of maximum 2,022 players online.
[03:10:20] [Server thread/INFO]: CONSOLE issued server command: /list 
[03:10:20] [Server thread/INFO]: There are 0 out of maximum 2,022 players online.
[03:13:21] [Server thread/INFO]: CONSOLE issued server command: /list 
[03:13:21] [Server thread/INFO]: There are 0 out of maximum 2,022 players online.
[03:16:22] [Server thread/INFO]: CONSOLE issued server command: /list 
[03:16:22] [Server thread/INFO]: There are 0 out of maximum 2,022 players online.
[03:19:22] [Server thread/INFO]: CONSOLE issued server command: /list 
[03:19:22] [Server thread/INFO]: There are 0 out of maximum 2,022 players online.
[03:22:23] [Server thread/INFO]: CONSOLE issued server command: /list 
[03:22:23] [Server thread/INFO]: There are 0 out of maximum 2,022 players online.
[03:25:24] [Server thread/INFO]: CONSOLE issued server command: /list 
[03:25:24] [Server thread/INFO]: There are 0 out of maximum 2,022 players online.
[03:28:24] [Server thread/INFO]: CONSOLE issued server command: /list 
[03:28:24] [Server thread/INFO]: There are 0 out of maximum 2,022 players online.
[03:31:25] [Server thread/INFO]: CONSOLE issued server command: /list 
[03:31:25] [Server thread/INFO]: There are 0 out of maximum 2,022 players online.
[03:34:07] [Craft Scheduler Thread - 4391 - VoidGen/INFO]: [VoidGen] VoidGen v.2.2 is available here: https://www.spigotmc.org/resources/25391/
[03:34:26] [Server thread/INFO]: CONSOLE issued server command: /list 
[03:34:26] [Server thread/INFO]: There are 0 out of maximum 2,022 players online.
[03:37:26] [Server thread/INFO]: CONSOLE issued server command: /list 
[03:37:26] [Server thread/INFO]: There are 0 out of maximum 2,022 players online.
[03:40:27] [Server thread/INFO]: CONSOLE issued server command: /list 
[03:40:27] [Server thread/INFO]: There are 0 out of maximum 2,022 players online.
[03:43:28] [Server thread/INFO]: CONSOLE issued server command: /list 
[03:43:28] [Server thread/INFO]: There are 0 out of maximum 2,022 players online.
[03:46:28] [Server thread/INFO]: CONSOLE issued server command: /list 
[03:46:28] [Server thread/INFO]: There are 0 out of maximum 2,022 players online.
[03:49:29] [Server thread/INFO]: CONSOLE issued server command: /list 
[03:49:29] [Server thread/INFO]: There are 0 out of maximum 2,022 players online.
[03:52:30] [Server thread/INFO]: CONSOLE issued server command: /list 
[03:52:30] [Server thread/INFO]: There are 0 out of maximum 2,022 players online.
[03:55:30] [Server thread/INFO]: CONSOLE issued server command: /list 
[03:55:30] [Server thread/INFO]: There are 0 out of maximum 2,022 players online.
[03:58:31] [Server thread/INFO]: CONSOLE issued server command: /list 
[03:58:31] [Server thread/INFO]: There are 0 out of maximum 2,022 players online.
[04:01:32] [Server thread/INFO]: CONSOLE issued server command: /list 
[04:01:32] [Server thread/INFO]: There are 0 out of maximum 2,022 players online.
[04:04:32] [Server thread/INFO]: CONSOLE issued server command: /list 
[04:04:32] [Server thread/INFO]: There are 0 out of maximum 2,022 players online.
[04:07:33] [Server thread/INFO]: CONSOLE issued server command: /list 
[04:07:33] [Server thread/INFO]: There are 0 out of maximum 2,022 players online.
[04:10:34] [Server thread/INFO]: CONSOLE issued server command: /list 
[04:10:34] [Server thread/INFO]: There are 0 out of maximum 2,022 players online.
[04:13:34] [Server thread/INFO]: CONSOLE issued server command: /list 
[04:13:34] [Server thread/INFO]: There are 0 out of maximum 2,022 players online.
[04:16:35] [Server thread/INFO]: CONSOLE issued server command: /list 
[04:16:35] [Server thread/INFO]: There are 0 out of maximum 2,022 players online.
[04:19:36] [Server thread/INFO]: CONSOLE issued server command: /list 
[04:19:36] [Server thread/INFO]: There are 0 out of maximum 2,022 players online.
[04:22:36] [Server thread/INFO]: CONSOLE issued server command: /list 
[04:22:36] [Server thread/INFO]: There are 0 out of maximum 2,022 players online.
[04:25:37] [Server thread/INFO]: CONSOLE issued server command: /list 
[04:25:37] [Server thread/INFO]: There are 0 out of maximum 2,022 players online.
[04:28:38] [Server thread/INFO]: CONSOLE issued server command: /list 
[04:28:38] [Server thread/INFO]: There are 0 out of maximum 2,022 players online.
[04:31:38] [Server thread/INFO]: CONSOLE issued server command: /list 
[04:31:38] [Server thread/INFO]: There are 0 out of maximum 2,022 players online.
[04:34:39] [Server thread/INFO]: CONSOLE issued server command: /list 
[04:34:39] [Server thread/INFO]: There are 0 out of maximum 2,022 players online.
[04:37:40] [Server thread/INFO]: CONSOLE issued server command: /list 
[04:37:40] [Server thread/INFO]: There are 0 out of maximum 2,022 players online.
[04:40:40] [Server thread/INFO]: CONSOLE issued server command: /list 
[04:40:40] [Server thread/INFO]: There are 0 out of maximum 2,022 players online.
[04:43:41] [Server thread/INFO]: CONSOLE issued server command: /list 
[04:43:41] [Server thread/INFO]: There are 0 out of maximum 2,022 players online.
[04:46:42] [Server thread/INFO]: CONSOLE issued server command: /list 
[04:46:42] [Server thread/INFO]: There are 0 out of maximum 2,022 players online.
[04:49:42] [Server thread/INFO]: CONSOLE issued server command: /list 
[04:49:42] [Server thread/INFO]: There are 0 out of maximum 2,022 players online.
[04:52:43] [Server thread/INFO]: CONSOLE issued server command: /list 
[04:52:43] [Server thread/INFO]: There are 0 out of maximum 2,022 players online.
[04:55:44] [Server thread/INFO]: CONSOLE issued server command: /list 
[04:55:44] [Server thread/INFO]: There are 0 out of maximum 2,022 players online.
[04:58:44] [Server thread/INFO]: CONSOLE issued server command: /list 
[04:58:44] [Server thread/INFO]: There are 0 out of maximum 2,022 players online.
[05:01:45] [Server thread/INFO]: CONSOLE issued server command: /list 
[05:01:45] [Server thread/INFO]: There are 0 out of maximum 2,022 players online.
[05:04:46] [Server thread/INFO]: CONSOLE issued server command: /list 
[05:04:46] [Server thread/INFO]: There are 0 out of maximum 2,022 players online.
[05:07:46] [Server thread/INFO]: CONSOLE issued server command: /list 
[05:07:46] [Server thread/INFO]: There are 0 out of maximum 2,022 players online.
[05:10:47] [Server thread/INFO]: CONSOLE issued server command: /list 
[05:10:47] [Server thread/INFO]: There are 0 out of maximum 2,022 players online.
[05:13:48] [Server thread/INFO]: CONSOLE issued server command: /list 
[05:13:48] [Server thread/INFO]: There are 0 out of maximum 2,022 players online.
[05:16:48] [Server thread/INFO]: CONSOLE issued server command: /list 
[05:16:48] [Server thread/INFO]: There are 0 out of maximum 2,022 players online.
[05:19:49] [Server thread/INFO]: CONSOLE issued server command: /list 
[05:19:49] [Server thread/INFO]: There are 0 out of maximum 2,022 players online.
[05:22:50] [Server thread/INFO]: CONSOLE issued server command: /list 
[05:22:50] [Server thread/INFO]: There are 0 out of maximum 2,022 players online.
[05:25:50] [Server thread/INFO]: CONSOLE issued server command: /list 
[05:25:50] [Server thread/INFO]: There are 0 out of maximum 2,022 players online.
[05:28:51] [Server thread/INFO]: CONSOLE issued server command: /list 
[05:28:51] [Server thread/INFO]: There are 0 out of maximum 2,022 players online.
[05:31:52] [Server thread/INFO]: CONSOLE issued server command: /list 
[05:31:52] [Server thread/INFO]: There are 0 out of maximum 2,022 players online.
[05:34:53] [Server thread/INFO]: CONSOLE issued server command: /list 
[05:34:53] [Server thread/INFO]: There are 0 out of maximum 2,022 players online.
[05:37:53] [Server thread/INFO]: CONSOLE issued server command: /list 
[05:37:53] [Server thread/INFO]: There are 0 out of maximum 2,022 players online.
[05:40:54] [Server thread/INFO]: CONSOLE issued server command: /list 
[05:40:54] [Server thread/INFO]: There are 0 out of maximum 2,022 players online.
[05:43:55] [Server thread/INFO]: CONSOLE issued server command: /list 
[05:43:55] [Server thread/INFO]: There are 0 out of maximum 2,022 players online.
[05:46:55] [Server thread/INFO]: CONSOLE issued server command: /list 
[05:46:55] [Server thread/INFO]: There are 0 out of maximum 2,022 players online.
[05:49:56] [Server thread/INFO]: CONSOLE issued server command: /list 
[05:49:56] [Server thread/INFO]: There are 0 out of maximum 2,022 players online.
[05:52:57] [Server thread/INFO]: CONSOLE issued server command: /list 
[05:52:57] [Server thread/INFO]: There are 0 out of maximum 2,022 players online.
[05:55:57] [Server thread/INFO]: CONSOLE issued server command: /list 
[05:55:57] [Server thread/INFO]: There are 0 out of maximum 2,022 players online.
[05:58:58] [Server thread/INFO]: CONSOLE issued server command: /list 
[05:58:58] [Server thread/INFO]: There are 0 out of maximum 2,022 players online.
[06:01:59] [Server thread/INFO]: CONSOLE issued server command: /list 
[06:01:59] [Server thread/INFO]: There are 0 out of maximum 2,022 players online.
[06:04:07] [Craft Scheduler Thread - 5317 - VoidGen/INFO]: [VoidGen] VoidGen v.2.2 is available here: https://www.spigotmc.org/resources/25391/
[06:04:59] [Server thread/INFO]: CONSOLE issued server command: /list 
[06:04:59] [Server thread/INFO]: There are 0 out of maximum 2,022 players online.
[06:08:00] [Server thread/INFO]: CONSOLE issued server command: /list 
[06:08:00] [Server thread/INFO]: There are 0 out of maximum 2,022 players online.
[06:11:01] [Server thread/INFO]: CONSOLE issued server command: /list 
[06:11:01] [Server thread/INFO]: There are 0 out of maximum 2,022 players online.
[06:14:01] [Server thread/INFO]: CONSOLE issued server command: /list 
[06:14:01] [Server thread/INFO]: There are 0 out of maximum 2,022 players online.
[06:17:02] [Server thread/INFO]: CONSOLE issued server command: /list 
[06:17:02] [Server thread/INFO]: There are 0 out of maximum 2,022 players online.
[06:20:03] [Server thread/INFO]: CONSOLE issued server command: /list 
[06:20:03] [Server thread/INFO]: There are 0 out of maximum 2,022 players online.
[06:23:03] [Server thread/INFO]: CONSOLE issued server command: /list 
[06:23:03] [Server thread/INFO]: There are 0 out of maximum 2,022 players online.
[06:26:04] [Server thread/INFO]: CONSOLE issued server command: /list 
[06:26:04] [Server thread/INFO]: There are 0 out of maximum 2,022 players online.
[06:29:05] [Server thread/INFO]: CONSOLE issued server command: /list 
[06:29:05] [Server thread/INFO]: There are 0 out of maximum 2,022 players online.
[06:32:05] [Server thread/INFO]: CONSOLE issued server command: /list 
[06:32:05] [Server thread/INFO]: There are 0 out of maximum 2,022 players online.
[06:35:06] [Server thread/INFO]: CONSOLE issued server command: /list 
[06:35:06] [Server thread/INFO]: There are 0 out of maximum 2,022 players online.
[06:38:07] [Server thread/INFO]: CONSOLE issued server command: /list 
[06:38:07] [Server thread/INFO]: There are 0 out of maximum 2,022 players online.
[06:41:07] [Server thread/INFO]: CONSOLE issued server command: /list 
[06:41:07] [Server thread/INFO]: There are 0 out of maximum 2,022 players online.
[06:44:08] [Server thread/INFO]: CONSOLE issued server command: /list 
[06:44:08] [Server thread/INFO]: There are 0 out of maximum 2,022 players online.
[06:47:09] [Server thread/INFO]: CONSOLE issued server command: /list 
[06:47:09] [Server thread/INFO]: There are 0 out of maximum 2,022 players online.
[06:50:09] [Server thread/INFO]: CONSOLE issued server command: /list 
[06:50:09] [Server thread/INFO]: There are 0 out of maximum 2,022 players online.
[06:53:10] [Server thread/INFO]: CONSOLE issued server command: /list 
[06:53:10] [Server thread/INFO]: There are 0 out of maximum 2,022 players online.
[06:56:11] [Server thread/INFO]: CONSOLE issued server command: /list 
[06:56:11] [Server thread/INFO]: There are 0 out of maximum 2,022 players online.
[06:59:11] [Server thread/INFO]: CONSOLE issued server command: /list 
[06:59:11] [Server thread/INFO]: There are 0 out of maximum 2,022 players online.
[07:02:12] [Server thread/INFO]: CONSOLE issued server command: /list 
[07:02:12] [Server thread/INFO]: There are 0 out of maximum 2,022 players online.
[07:05:13] [Server thread/INFO]: CONSOLE issued server command: /list 
[07:05:13] [Server thread/INFO]: There are 0 out of maximum 2,022 players online.
[07:08:13] [Server thread/INFO]: CONSOLE issued server command: /list 
[07:08:13] [Server thread/INFO]: There are 0 out of maximum 2,022 players online.
[07:11:14] [Server thread/INFO]: CONSOLE issued server command: /list 
[07:11:14] [Server thread/INFO]: There are 0 out of maximum 2,022 players online.
[07:14:15] [Server thread/INFO]: CONSOLE issued server command: /list 
[07:14:15] [Server thread/INFO]: There are 0 out of maximum 2,022 players online.
[07:17:15] [Server thread/INFO]: CONSOLE issued server command: /list 
[07:17:15] [Server thread/INFO]: There are 0 out of maximum 2,022 players online.
[07:20:16] [Server thread/INFO]: CONSOLE issued server command: /list 
[07:20:16] [Server thread/INFO]: There are 0 out of maximum 2,022 players online.
[07:23:17] [Server thread/INFO]: CONSOLE issued server command: /list 
[07:23:17] [Server thread/INFO]: There are 0 out of maximum 2,022 players online.
[07:26:17] [Server thread/INFO]: CONSOLE issued server command: /list 
[07:26:17] [Server thread/INFO]: There are 0 out of maximum 2,022 players online.
[07:29:18] [Server thread/INFO]: CONSOLE issued server command: /list 
[07:29:18] [Server thread/INFO]: There are 0 out of maximum 2,022 players online.
[07:32:19] [Server thread/INFO]: CONSOLE issued server command: /list 
[07:32:19] [Server thread/INFO]: There are 0 out of maximum 2,022 players online.
[07:35:19] [Server thread/INFO]: CONSOLE issued server command: /list 
[07:35:19] [Server thread/INFO]: There are 0 out of maximum 2,022 players online.
[07:38:20] [Server thread/INFO]: CONSOLE issued server command: /list 
[07:38:20] [Server thread/INFO]: There are 0 out of maximum 2,022 players online.
[07:41:21] [Server thread/INFO]: CONSOLE issued server command: /list 
[07:41:21] [Server thread/INFO]: There are 0 out of maximum 2,022 players online.
[07:44:21] [Server thread/INFO]: CONSOLE issued server command: /list 
[07:44:21] [Server thread/INFO]: There are 0 out of maximum 2,022 players online.
[07:47:22] [Server thread/INFO]: CONSOLE issued server command: /list 
[07:47:22] [Server thread/INFO]: There are 0 out of maximum 2,022 players online.
[07:50:23] [Server thread/INFO]: CONSOLE issued server command: /list 
[07:50:23] [Server thread/INFO]: There are 0 out of maximum 2,022 players online.
[07:53:23] [Server thread/INFO]: CONSOLE issued server command: /list 
[07:53:23] [Server thread/INFO]: There are 0 out of maximum 2,022 players online.
[07:56:24] [Server thread/INFO]: CONSOLE issued server command: /list 
[07:56:24] [Server thread/INFO]: There are 0 out of maximum 2,022 players online.
[07:59:25] [Server thread/INFO]: CONSOLE issued server command: /list 
[07:59:25] [Server thread/INFO]: There are 0 out of maximum 2,022 players online.
[08:02:25] [Server thread/INFO]: CONSOLE issued server command: /list 
[08:02:25] [Server thread/INFO]: There are 0 out of maximum 2,022 players online.
[08:05:26] [Server thread/INFO]: CONSOLE issued server command: /list 
[08:05:26] [Server thread/INFO]: There are 0 out of maximum 2,022 players online.
[08:08:27] [Server thread/INFO]: CONSOLE issued server command: /list 
[08:08:27] [Server thread/INFO]: There are 0 out of maximum 2,022 players online.
[08:11:27] [Server thread/INFO]: CONSOLE issued server command: /list 
[08:11:27] [Server thread/INFO]: There are 0 out of maximum 2,022 players online.
[08:14:28] [Server thread/INFO]: CONSOLE issued server command: /list 
[08:14:28] [Server thread/INFO]: There are 0 out of maximum 2,022 players online.
[08:17:29] [Server thread/INFO]: CONSOLE issued server command: /list 
[08:17:29] [Server thread/INFO]: There are 0 out of maximum 2,022 players online.
[08:20:29] [Server thread/INFO]: CONSOLE issued server command: /list 
[08:20:29] [Server thread/INFO]: There are 0 out of maximum 2,022 players online.
[08:23:30] [Server thread/INFO]: CONSOLE issued server command: /list 
[08:23:30] [Server thread/INFO]: There are 0 out of maximum 2,022 players online.
[08:26:31] [Server thread/INFO]: CONSOLE issued server command: /list 
[08:26:31] [Server thread/INFO]: There are 0 out of maximum 2,022 players online.
[08:29:31] [Server thread/INFO]: CONSOLE issued server command: /list 
[08:29:31] [Server thread/INFO]: There are 0 out of maximum 2,022 players online.
[08:32:32] [Server thread/INFO]: CONSOLE issued server command: /list 
[08:32:32] [Server thread/INFO]: There are 0 out of maximum 2,022 players online.
[08:34:07] [Craft Scheduler Thread - 6235 - VoidGen/INFO]: [VoidGen] VoidGen v.2.2 is available here: https://www.spigotmc.org/resources/25391/
[08:35:33] [Server thread/INFO]: CONSOLE issued server command: /list 
[08:35:33] [Server thread/INFO]: There are 0 out of maximum 2,022 players online.
[08:38:33] [Server thread/INFO]: CONSOLE issued server command: /list 
[08:38:33] [Server thread/INFO]: There are 0 out of maximum 2,022 players online.
[08:41:34] [Server thread/INFO]: CONSOLE issued server command: /list 
[08:41:34] [Server thread/INFO]: There are 0 out of maximum 2,022 players online.
[08:44:35] [Server thread/INFO]: CONSOLE issued server command: /list 
[08:44:35] [Server thread/INFO]: There are 0 out of maximum 2,022 players online.
[08:47:35] [Server thread/INFO]: CONSOLE issued server command: /list 
[08:47:35] [Server thread/INFO]: There are 0 out of maximum 2,022 players online.
[08:50:36] [Server thread/INFO]: CONSOLE issued server command: /list 
[08:50:36] [Server thread/INFO]: There are 0 out of maximum 2,022 players online.
[08:53:37] [Server thread/INFO]: CONSOLE issued server command: /list 
[08:53:37] [Server thread/INFO]: There are 0 out of maximum 2,022 players online.
[08:56:37] [Server thread/INFO]: CONSOLE issued server command: /list 
[08:56:37] [Server thread/INFO]: There are 0 out of maximum 2,022 players online.
[08:59:38] [Server thread/INFO]: CONSOLE issued server command: /list 
[08:59:38] [Server thread/INFO]: There are 0 out of maximum 2,022 players online.
[09:01:37] [Craft Scheduler Thread - 6400 - Vault/INFO]: [Vault] Checking for Updates ... 
[09:01:37] [Craft Scheduler Thread - 6400 - Vault/INFO]: [Vault] No new version available
[09:02:39] [Server thread/INFO]: CONSOLE issued server command: /list 
[09:02:39] [Server thread/INFO]: There are 0 out of maximum 2,022 players online.
[09:05:39] [Server thread/INFO]: CONSOLE issued server command: /list 
[09:05:39] [Server thread/INFO]: There are 0 out of maximum 2,022 players online.
[09:08:40] [Server thread/INFO]: CONSOLE issued server command: /list 
[09:08:40] [Server thread/INFO]: There are 0 out of maximum 2,022 players online.
[09:11:41] [Server thread/INFO]: CONSOLE issued server command: /list 
[09:11:41] [Server thread/INFO]: There are 0 out of maximum 2,022 players online.
[09:14:41] [Server thread/INFO]: CONSOLE issued server command: /list 
[09:14:41] [Server thread/INFO]: There are 0 out of maximum 2,022 players online.
[09:17:42] [Server thread/INFO]: CONSOLE issued server command: /list 
[09:17:42] [Server thread/INFO]: There are 0 out of maximum 2,022 players online.
[09:20:43] [Server thread/INFO]: CONSOLE issued server command: /list 
[09:20:43] [Server thread/INFO]: There are 0 out of maximum 2,022 players online.
[09:23:43] [Server thread/INFO]: CONSOLE issued server command: /list 
[09:23:43] [Server thread/INFO]: There are 0 out of maximum 2,022 players online.
[09:26:44] [Server thread/INFO]: CONSOLE issued server command: /list 
[09:26:44] [Server thread/INFO]: There are 0 out of maximum 2,022 players online.
[09:29:45] [Server thread/INFO]: CONSOLE issued server command: /list 
[09:29:45] [Server thread/INFO]: There are 0 out of maximum 2,022 players online.
[09:32:45] [Server thread/INFO]: CONSOLE issued server command: /list 
[09:32:45] [Server thread/INFO]: There are 0 out of maximum 2,022 players online.
[09:35:46] [Server thread/INFO]: CONSOLE issued server command: /list 
[09:35:46] [Server thread/INFO]: There are 0 out of maximum 2,022 players online.
[09:38:47] [Server thread/INFO]: CONSOLE issued server command: /list 
[09:38:47] [Server thread/INFO]: There are 0 out of maximum 2,022 players online.
[09:41:47] [Server thread/INFO]: CONSOLE issued server command: /list 
[09:41:47] [Server thread/INFO]: There are 0 out of maximum 2,022 players online.
[09:44:48] [Server thread/INFO]: CONSOLE issued server command: /list 
[09:44:48] [Server thread/INFO]: There are 0 out of maximum 2,022 players online.
[09:47:49] [Server thread/INFO]: CONSOLE issued server command: /list 
[09:47:49] [Server thread/INFO]: There are 0 out of maximum 2,022 players online.
[09:50:49] [Server thread/INFO]: CONSOLE issued server command: /list 
[09:50:49] [Server thread/INFO]: There are 0 out of maximum 2,022 players online.
[09:53:50] [Server thread/INFO]: CONSOLE issued server command: /list 
[09:53:50] [Server thread/INFO]: There are 0 out of maximum 2,022 players online.
[09:56:51] [Server thread/INFO]: CONSOLE issued server command: /list 
[09:56:51] [Server thread/INFO]: There are 0 out of maximum 2,022 players online.
[09:59:51] [Server thread/INFO]: CONSOLE issued server command: /list 
[09:59:51] [Server thread/INFO]: There are 0 out of maximum 2,022 players online.
[10:02:52] [Server thread/INFO]: CONSOLE issued server command: /list 
[10:02:52] [Server thread/INFO]: There are 0 out of maximum 2,022 players online.
[10:05:53] [Server thread/INFO]: CONSOLE issued server command: /list 
[10:05:53] [Server thread/INFO]: There are 0 out of maximum 2,022 players online.
[10:08:53] [Server thread/INFO]: CONSOLE issued server command: /list 
[10:08:53] [Server thread/INFO]: There are 0 out of maximum 2,022 players online.
[10:11:54] [Server thread/INFO]: CONSOLE issued server command: /list 
[10:11:54] [Server thread/INFO]: There are 0 out of maximum 2,022 players online.
[10:14:55] [Server thread/INFO]: CONSOLE issued server command: /list 
[10:14:55] [Server thread/INFO]: There are 0 out of maximum 2,022 players online.
[10:17:55] [Server thread/INFO]: CONSOLE issued server command: /list 
[10:17:55] [Server thread/INFO]: There are 0 out of maximum 2,022 players online.
[10:20:56] [Server thread/INFO]: CONSOLE issued server command: /list 
[10:20:56] [Server thread/INFO]: There are 0 out of maximum 2,022 players online.
[10:23:57] [Server thread/INFO]: CONSOLE issued server command: /list 
[10:23:57] [Server thread/INFO]: There are 0 out of maximum 2,022 players online.
[10:26:57] [Server thread/INFO]: CONSOLE issued server command: /list 
[10:26:57] [Server thread/INFO]: There are 0 out of maximum 2,022 players online.
[10:29:58] [Server thread/INFO]: CONSOLE issued server command: /list 
[10:29:58] [Server thread/INFO]: There are 0 out of maximum 2,022 players online.
[10:32:59] [Server thread/INFO]: CONSOLE issued server command: /list 
[10:32:59] [Server thread/INFO]: There are 0 out of maximum 2,022 players online.
[10:35:59] [Server thread/INFO]: CONSOLE issued server command: /list 
[10:35:59] [Server thread/INFO]: There are 0 out of maximum 2,022 players online.
[10:39:00] [Server thread/INFO]: CONSOLE issued server command: /list 
[10:39:00] [Server thread/INFO]: There are 0 out of maximum 2,022 players online.
[10:42:01] [Server thread/INFO]: CONSOLE issued server command: /list 
[10:42:01] [Server thread/INFO]: There are 0 out of maximum 2,022 players online.
[10:45:01] [Server thread/INFO]: CONSOLE issued server command: /list 
[10:45:01] [Server thread/INFO]: There are 0 out of maximum 2,022 players online.
[10:48:02] [Server thread/INFO]: CONSOLE issued server command: /list 
[10:48:02] [Server thread/INFO]: There are 0 out of maximum 2,022 players online.
[10:51:03] [Server thread/INFO]: CONSOLE issued server command: /list 
[10:51:03] [Server thread/INFO]: There are 0 out of maximum 2,022 players online.
[10:54:03] [Server thread/INFO]: CONSOLE issued server command: /list 
[10:54:03] [Server thread/INFO]: There are 0 out of maximum 2,022 players online.
[10:57:04] [Server thread/INFO]: CONSOLE issued server command: /list 
[10:57:04] [Server thread/INFO]: There are 0 out of maximum 2,022 players online.
[11:00:05] [Server thread/INFO]: CONSOLE issued server command: /list 
[11:00:05] [Server thread/INFO]: There are 0 out of maximum 2,022 players online.
[11:03:05] [Server thread/INFO]: CONSOLE issued server command: /list 
[11:03:05] [Server thread/INFO]: There are 0 out of maximum 2,022 players online.
[11:04:07] [Craft Scheduler Thread - 7149 - VoidGen/INFO]: [VoidGen] VoidGen v.2.2 is available here: https://www.spigotmc.org/resources/25391/
[11:06:06] [Server thread/INFO]: CONSOLE issued server command: /list 
[11:06:06] [Server thread/INFO]: There are 0 out of maximum 2,022 players online.
[11:09:07] [Server thread/INFO]: CONSOLE issued server command: /list 
[11:09:07] [Server thread/INFO]: There are 0 out of maximum 2,022 players online.
[11:12:07] [Server thread/INFO]: CONSOLE issued server command: /list 
[11:12:07] [Server thread/INFO]: There are 0 out of maximum 2,022 players online.
[11:15:08] [Server thread/INFO]: CONSOLE issued server command: /list 
[11:15:08] [Server thread/INFO]: There are 0 out of maximum 2,022 players online.
[11:18:09] [Server thread/INFO]: CONSOLE issued server command: /list 
[11:18:09] [Server thread/INFO]: There are 0 out of maximum 2,022 players online.
[11:21:09] [Server thread/INFO]: CONSOLE issued server command: /list 
[11:21:09] [Server thread/INFO]: There are 0 out of maximum 2,022 players online.
[11:24:10] [Server thread/INFO]: CONSOLE issued server command: /list 
[11:24:10] [Server thread/INFO]: There are 0 out of maximum 2,022 players online.
[11:27:11] [Server thread/INFO]: CONSOLE issued server command: /list 
[11:27:11] [Server thread/INFO]: There are 0 out of maximum 2,022 players online.
[11:30:11] [Server thread/INFO]: CONSOLE issued server command: /list 
[11:30:11] [Server thread/INFO]: There are 0 out of maximum 2,022 players online.
[11:33:12] [Server thread/INFO]: CONSOLE issued server command: /list 
[11:33:12] [Server thread/INFO]: There are 0 out of maximum 2,022 players online.
[11:36:13] [Server thread/INFO]: CONSOLE issued server command: /list 
[11:36:13] [Server thread/INFO]: There are 0 out of maximum 2,022 players online.
[11:39:13] [Server thread/INFO]: CONSOLE issued server command: /list 
[11:39:13] [Server thread/INFO]: There are 0 out of maximum 2,022 players online.
[11:42:14] [Server thread/INFO]: CONSOLE issued server command: /list 
[11:42:14] [Server thread/INFO]: There are 0 out of maximum 2,022 players online.
[11:45:15] [Server thread/INFO]: CONSOLE issued server command: /list 
[11:45:15] [Server thread/INFO]: There are 0 out of maximum 2,022 players online.
[11:48:15] [Server thread/INFO]: CONSOLE issued server command: /list 
[11:48:15] [Server thread/INFO]: There are 0 out of maximum 2,022 players online.
[11:51:16] [Server thread/INFO]: CONSOLE issued server command: /list 
[11:51:16] [Server thread/INFO]: There are 0 out of maximum 2,022 players online.
[11:54:17] [Server thread/INFO]: CONSOLE issued server command: /list 
[11:54:17] [Server thread/INFO]: There are 0 out of maximum 2,022 players online.
[11:57:17] [Server thread/INFO]: CONSOLE issued server command: /list 
[11:57:17] [Server thread/INFO]: There are 0 out of maximum 2,022 players online.
[12:00:18] [Server thread/INFO]: CONSOLE issued server command: /list 
[12:00:18] [Server thread/INFO]: There are 0 out of maximum 2,022 players online.
[12:03:19] [Server thread/INFO]: CONSOLE issued server command: /list 
[12:03:19] [Server thread/INFO]: There are 0 out of maximum 2,022 players online.
[12:06:19] [Server thread/INFO]: CONSOLE issued server command: /list 
[12:06:19] [Server thread/INFO]: There are 0 out of maximum 2,022 players online.
[12:09:20] [Server thread/INFO]: CONSOLE issued server command: /list 
[12:09:20] [Server thread/INFO]: There are 0 out of maximum 2,022 players online.
[12:12:21] [Server thread/INFO]: CONSOLE issued server command: /list 
[12:12:21] [Server thread/INFO]: There are 0 out of maximum 2,022 players online.
[12:15:21] [Server thread/INFO]: CONSOLE issued server command: /list 
[12:15:21] [Server thread/INFO]: There are 0 out of maximum 2,022 players online.
[12:18:22] [Server thread/INFO]: CONSOLE issued server command: /list 
[12:18:22] [Server thread/INFO]: There are 0 out of maximum 2,022 players online.
[12:21:23] [Server thread/INFO]: CONSOLE issued server command: /list 
[12:21:23] [Server thread/INFO]: There are 0 out of maximum 2,022 players online.
[12:24:23] [Server thread/INFO]: CONSOLE issued server command: /list 
[12:24:23] [Server thread/INFO]: There are 0 out of maximum 2,022 players online.
[12:27:24] [Server thread/INFO]: CONSOLE issued server command: /list 
[12:27:24] [Server thread/INFO]: There are 0 out of maximum 2,022 players online.
[12:30:25] [Server thread/INFO]: CONSOLE issued server command: /list 
[12:30:25] [Server thread/INFO]: There are 0 out of maximum 2,022 players online.
[12:33:25] [Server thread/INFO]: CONSOLE issued server command: /list 
[12:33:25] [Server thread/INFO]: There are 0 out of maximum 2,022 players online.
[12:36:26] [Server thread/INFO]: CONSOLE issued server command: /list 
[12:36:26] [Server thread/INFO]: There are 0 out of maximum 2,022 players online.
[12:39:27] [Server thread/INFO]: CONSOLE issued server command: /list 
[12:39:27] [Server thread/INFO]: There are 0 out of maximum 2,022 players online.
[12:42:27] [Server thread/INFO]: CONSOLE issued server command: /list 
[12:42:27] [Server thread/INFO]: There are 0 out of maximum 2,022 players online.
[12:45:28] [Server thread/INFO]: CONSOLE issued server command: /list 
[12:45:28] [Server thread/INFO]: There are 0 out of maximum 2,022 players online.
[12:48:29] [Server thread/INFO]: CONSOLE issued server command: /list 
[12:48:29] [Server thread/INFO]: There are 0 out of maximum 2,022 players online.
[12:51:29] [Server thread/INFO]: CONSOLE issued server command: /list 
[12:51:29] [Server thread/INFO]: There are 0 out of maximum 2,022 players online.
[12:54:30] [Server thread/INFO]: CONSOLE issued server command: /list 
[12:54:30] [Server thread/INFO]: There are 0 out of maximum 2,022 players online.
[12:57:31] [Server thread/INFO]: CONSOLE issued server command: /list 
[12:57:31] [Server thread/INFO]: There are 0 out of maximum 2,022 players online.
[13:00:31] [Server thread/INFO]: CONSOLE issued server command: /list 
[13:00:31] [Server thread/INFO]: There are 0 out of maximum 2,022 players online.
[13:03:32] [Server thread/INFO]: CONSOLE issued server command: /list 
[13:03:32] [Server thread/INFO]: There are 0 out of maximum 2,022 players online.
[13:06:33] [Server thread/INFO]: CONSOLE issued server command: /list 
[13:06:33] [Server thread/INFO]: There are 0 out of maximum 2,022 players online.
[13:09:33] [Server thread/INFO]: CONSOLE issued server command: /list 
[13:09:33] [Server thread/INFO]: There are 0 out of maximum 2,022 players online.
[13:12:34] [Server thread/INFO]: CONSOLE issued server command: /list 
[13:12:34] [Server thread/INFO]: There are 0 out of maximum 2,022 players online.
[13:12:57] [User Authenticator #4/INFO]: UUID of player AllanStrat is f0e7f028-4955-4dc8-8e40-d334ef0bd19a
[13:12:57] [Netty Epoll Server IO #2/ERROR]: [ViaBackwards] Custom worlds heights are NOT SUPPORTED for 1.16 players and older and may lead to errors!
[13:12:57] [Netty Epoll Server IO #2/ERROR]: [ViaBackwards] You have min/max set to -64/384
[13:12:57] [Server thread/INFO]: AllanStrat joined the game
[13:12:57] [Server thread/INFO]: AllanStrat[/201.220.139.181:27604] logged in with entity id 1631 at ([lobby_world]137.6927805475578, 21.0, -119.00632007366934)
[13:15:35] [Server thread/INFO]: CONSOLE issued server command: /list 
[13:15:35] [Server thread/INFO]: There are 1 out of maximum 2,022 players online.
[13:15:35] [Server thread/INFO]: default: [Member] AllanStrat
[13:18:35] [Server thread/INFO]: CONSOLE issued server command: /list 
[13:18:35] [Server thread/INFO]: There are 1 out of maximum 2,022 players online.
[13:18:35] [Server thread/INFO]: default: [AFK][Member] AllanStrat
[13:18:50] [Server thread/INFO]: AllanStrat left the game
[13:21:36] [Server thread/INFO]: CONSOLE issued server command: /list 
[13:21:36] [Server thread/INFO]: There are 0 out of maximum 2,022 players online.
[13:24:37] [Server thread/INFO]: CONSOLE issued server command: /list 
[13:24:37] [Server thread/INFO]: There are 0 out of maximum 2,022 players online.
[13:27:37] [Server thread/INFO]: CONSOLE issued server command: /list 
[13:27:37] [Server thread/INFO]: There are 0 out of maximum 2,022 players online.
[13:30:38] [Server thread/INFO]: CONSOLE issued server command: /list 
[13:30:38] [Server thread/INFO]: There are 0 out of maximum 2,022 players online.
[13:33:39] [Server thread/INFO]: CONSOLE issued server command: /list 
[13:33:39] [Server thread/INFO]: There are 0 out of maximum 2,022 players online.
[13:34:07] [Craft Scheduler Thread - 8046 - VoidGen/INFO]: [VoidGen] VoidGen v.2.2 is available here: https://www.spigotmc.org/resources/25391/
[13:36:39] [Server thread/INFO]: CONSOLE issued server command: /list 
[13:36:39] [Server thread/INFO]: There are 0 out of maximum 2,022 players online.
[13:39:40] [Server thread/INFO]: CONSOLE issued server command: /list 
[13:39:40] [Server thread/INFO]: There are 0 out of maximum 2,022 players online.
[13:42:41] [Server thread/INFO]: CONSOLE issued server command: /list 
[13:42:41] [Server thread/INFO]: There are 0 out of maximum 2,022 players online.
[13:45:41] [Server thread/INFO]: CONSOLE issued server command: /list 
[13:45:41] [Server thread/INFO]: There are 0 out of maximum 2,022 players online.
[13:48:42] [Server thread/INFO]: CONSOLE issued server command: /list 
[13:48:42] [Server thread/INFO]: There are 0 out of maximum 2,022 players online.
[13:51:43] [Server thread/INFO]: CONSOLE issued server command: /list 
[13:51:43] [Server thread/INFO]: There are 0 out of maximum 2,022 players online.
[13:54:43] [Server thread/INFO]: CONSOLE issued server command: /list 
[13:54:43] [Server thread/INFO]: There are 0 out of maximum 2,022 players online.
[13:55:29] [User Authenticator #5/INFO]: UUID of player AllanStrat is f0e7f028-4955-4dc8-8e40-d334ef0bd19a
[13:55:29] [Netty Epoll Server IO #1/ERROR]: [ViaBackwards] Custom worlds heights are NOT SUPPORTED for 1.16 players and older and may lead to errors!
[13:55:29] [Netty Epoll Server IO #1/ERROR]: [ViaBackwards] You have min/max set to -64/384
[13:55:29] [Server thread/INFO]: AllanStrat joined the game
[13:55:29] [Server thread/INFO]: AllanStrat[/201.220.139.181:53165] logged in with entity id 1750 at ([lobby_world]136.41871429553277, 21.0, -122.24722893550593)
[13:55:30] [Craft Scheduler Thread - 8175 - PlaceholderAPI/INFO]: [LocalTime] Couldn't get AllanStrat's timezone. Will use default timezone.
[13:55:33] [Server thread/INFO]: AllanStrat issued server command: /warp parkour
[13:56:12] [Server thread/INFO]: AllanStrat issued server command: /holo create hparkour &5&lINFINITE PARKOUR
[13:56:18] [Server thread/INFO]: AllanStrat issued server command: /SPEED 0.5
[13:56:23] [Server thread/INFO]: AllanStrat issued server command: /holo movhere hparkour
[13:56:27] [Server thread/INFO]: AllanStrat issued server command: /holo movehere hparkour
[13:56:37] [Server thread/INFO]: AllanStrat issued server command: /holo addline hparkour &eWill you able to reach the end?
[13:56:48] [Server thread/INFO]: AllanStrat issued server command: /holo movehere hparkour
[13:57:44] [Server thread/INFO]: CONSOLE issued server command: /list 
[13:57:44] [Server thread/INFO]: There are 1 out of maximum 2,022 players online.
[13:57:44] [Server thread/INFO]: default: [Member] AllanStrat
[14:00:45] [Server thread/INFO]: CONSOLE issued server command: /list 
[14:00:45] [Server thread/INFO]: There are 1 out of maximum 2,022 players online.
[14:00:45] [Server thread/INFO]: default: [Member] AllanStrat
[14:01:54] [Server thread/INFO]: AllanStrat issued server command: /server
[14:03:45] [Server thread/INFO]: CONSOLE issued server command: /list 
[14:03:45] [Server thread/INFO]: There are 1 out of maximum 2,022 players online.
[14:03:46] [Server thread/INFO]: default: [Member] AllanStrat
[14:04:09] [Server thread/INFO]: AllanStrat issued server command: /spawn
[14:04:13] [Server thread/INFO]: Saving the game (this may take a moment!)
[14:04:13] [Server thread/INFO]: Saved the game
[14:04:13] [Server thread/INFO]: Stopping the server
[14:04:13] [Server thread/INFO]: Stopping server
[14:04:13] [Server thread/INFO]: [GadgetsMenu] Disabling GadgetsMenu v4.6.0
[14:04:13] [Server thread/INFO]: [GadgetsMenu] SQLite database connection has been closed.
[14:04:13] [Server thread/INFO]: [TitleManager] Disabling TitleManager v2.3.6
[14:04:13] [Server thread/INFO]: [WorldGuardExtraFlags] Disabling WorldGuardExtraFlags v4.1.5-SNAPSHOT
[14:04:13] [Server thread/INFO]: [EssentialsSpawn] Disabling EssentialsSpawn v2.19.2
[14:04:13] [Server thread/INFO]: [ItemJoin] Disabling ItemJoin v5.2.3-RELEASE-b789
[14:04:13] [Server thread/INFO]: [TAB] Disabling TAB v3.0.1
[14:04:13] [Server thread/INFO]: [TAB] Disabled in 2ms
[14:04:13] [Server thread/INFO]: [EssentialsChat] Disabling EssentialsChat v2.19.2
[14:04:13] [Server thread/INFO]: [DeluxeMenus] Disabling DeluxeMenus v1.13.4-Release
[14:04:13] [Server thread/INFO]: [ajParkour] Disabling ajParkour v2.12.8
[14:04:13] [Server thread/INFO]: [ajParkour] Removing all active players from parkour because the plugin is disabling.
[14:04:13] [Server thread/INFO]: ajParkour v2.12.8 by ajgeiss0702 has been disabled!
[14:04:13] [Server thread/INFO]: [Citizens] Disabling Citizens v2.0.29-SNAPSHOT (build 2448)
[14:04:14] [Server thread/INFO]: [WorldGuard] Disabling WorldGuard v7.0.6+1cff55f
[14:04:14] [Server thread/INFO]: [WorldGuard] Shutting down executor and cancelling any pending tasks...
[14:04:14] [Server thread/INFO]: [ChatControl] Disabling ChatControl v5.9.1
[14:04:14] [Server thread/INFO]: [Essentials] Disabling Essentials v2.19.2
[14:04:14] [Server thread/INFO]: [Vault] [Economy] Essentials Economy unhooked.
[14:04:14] [Server thread/INFO]: [WorldEdit] Disabling WorldEdit v7.2.8+6008-1246d61
[14:04:14] [Server thread/INFO]: Unregistering com.sk89q.worldedit.bukkit.BukkitServerInterface from WorldEdit
[14:04:14] [Server thread/INFO]: [Vault] Disabling Vault v1.7.3-b131
[14:04:14] [Server thread/INFO]: [PlaceholderAPI] Unregistered placeholder expansion: vault
[14:04:14] [Server thread/INFO]: [ServerListPlus] Disabling ServerListPlus v3.4.8
[14:04:14] [Server thread/INFO]: [ServerListPlus] ServerListPlus v3.4.8 disabled.
[14:04:14] [Server thread/INFO]: [ProtocolLib] Disabling ProtocolLib v4.7.0
[14:04:14] [Server thread/INFO]: [QuickBoard] Disabling QuickBoard v4.4.1
[14:04:14] [Server thread/INFO]: [LuckPerms] Disabling LuckPerms v5.3.86
[14:04:14] [Server thread/INFO]: [LuckPerms] Starting shutdown process...
[14:04:14] [Server thread/INFO]: [LuckPerms] Closing storage...
[14:04:14] [Server thread/INFO]: [LuckPerms] Goodbye!
[14:04:14] [Server thread/INFO]: [ViaRewind] Disabling ViaRewind v2.0.2
[14:04:14] [Server thread/INFO]: [ViaBackwards] Disabling ViaBackwards v4.1.1
[14:04:14] [Server thread/INFO]: [ViaVersion] Disabling ViaVersion v4.1.1
[14:04:14] [Server thread/INFO]: [ViaVersion] ViaVersion is disabling, if this is a reload and you experience issues consider rebooting.
[14:04:14] [Server thread/INFO]: [LaggRemover] Disabling LaggRemover v2.0.6
[14:04:14] [Server thread/INFO]: [LaggRemover] LaggRemover has been disabled!
[14:04:14] [Server thread/INFO]: [HolographicDisplays] Disabling HolographicDisplays v3.0.0-SNAPSHOT-b191
[14:04:14] [Server thread/INFO]: [LaunchPads] Disabling LaunchPads v2.1.0
[14:04:14] [Server thread/INFO]: [PlaceholderAPI] Disabling PlaceholderAPI v2.11.1
[14:04:14] [Server thread/INFO]: [VoidTeleport] Disabling VoidTeleport v2.3.7
[14:04:14] [Server thread/INFO]: [VoidGen] Disabling VoidGen v2.1.3
[14:04:15] [Server thread/INFO]: Saving players
[14:04:15] [Server thread/INFO]: [Member] AllanStrat left the game
[14:04:15] [Server thread/INFO]: Saving worlds
[14:04:15] [Server thread/INFO]: Saving chunks for level 'ServerLevel[lobby_world]'/minecraft:overworld
[14:04:15] [Server thread/INFO]: ThreadedAnvilChunkStorage (lobby_world): All chunks are saved
[14:04:15] [Server thread/INFO]: ThreadedAnvilChunkStorage: All dimensions are saved
[14:04:15] [Server thread/INFO]: Flushing Chunk IO
[14:04:15] [Server thread/INFO]: Closing Thread Pool
[14:04:15] [Server thread/INFO]: Closing Server
